\BOOKMARK [0][-]{chapter*.2}{Contents}{}% 1
\BOOKMARK [0][-]{chapter*.3}{List of Figures}{}% 2
\BOOKMARK [0][-]{chapter*.4}{List of Tables}{}% 3
\BOOKMARK [0][-]{chapter.1}{Introduction}{}% 4
\BOOKMARK [1][-]{section.1.1}{Context}{chapter.1}% 5
\BOOKMARK [1][-]{section.1.2}{Goals of the project}{chapter.1}% 6
\BOOKMARK [1][-]{section.1.3}{Structure of the report}{chapter.1}% 7
\BOOKMARK [0][-]{chapter.2}{Principles of interactive rigid body simulation}{}% 8
\BOOKMARK [1][-]{section.2.1}{Problem statement}{chapter.2}% 9
\BOOKMARK [1][-]{section.2.2}{Principles of rigid body dynamics simulation}{chapter.2}% 10
\BOOKMARK [0][-]{chapter.3}{Choosing the tools}{}% 11
\BOOKMARK [1][-]{section.3.1}{Problem statement}{chapter.3}% 12
\BOOKMARK [1][-]{section.3.2}{Available tools}{chapter.3}% 13
\BOOKMARK [2][-]{subsection.3.2.1}{Barebone physics engines}{section.3.2}% 14
\BOOKMARK [2][-]{subsection.3.2.2}{Simulators}{section.3.2}% 15
\BOOKMARK [1][-]{section.3.3}{Tested software}{chapter.3}% 16
\BOOKMARK [2][-]{subsection.3.3.1}{Blender}{section.3.3}% 17
\BOOKMARK [2][-]{subsection.3.3.2}{Gazebo}{section.3.3}% 18
\BOOKMARK [2][-]{subsection.3.3.3}{V-Rep}{section.3.3}% 19
\BOOKMARK [1][-]{section.3.4}{Choice}{chapter.3}% 20
\BOOKMARK [0][-]{chapter.4}{Modelling the basic elements of a robot}{}% 21
\BOOKMARK [1][-]{section.4.1}{Problem statement}{chapter.4}% 22
\BOOKMARK [1][-]{section.4.2}{Basic Modelling}{chapter.4}% 23
\BOOKMARK [2][-]{subsection.4.2.1}{Convex elements}{section.4.2}% 24
\BOOKMARK [2][-]{subsection.4.2.2}{Concave elements}{section.4.2}% 25
\BOOKMARK [1][-]{section.4.3}{Applied to the building of a humanoid robot}{chapter.4}% 26
\BOOKMARK [2][-]{subsection.4.3.1}{Feet}{section.4.3}% 27
\BOOKMARK [2][-]{subsection.4.3.2}{Servos}{section.4.3}% 28
\BOOKMARK [2][-]{subsection.4.3.3}{Frames}{section.4.3}% 29
\BOOKMARK [2][-]{subsection.4.3.4}{Cameras}{section.4.3}% 30
\BOOKMARK [2][-]{subsection.4.3.5}{Springs}{section.4.3}% 31
\BOOKMARK [0][-]{chapter.5}{Physical validation}{}% 32
\BOOKMARK [1][-]{section.5.1}{Experimental set-up}{chapter.5}% 33
\BOOKMARK [1][-]{section.5.2}{Experiment 1 }{chapter.5}% 34
\BOOKMARK [1][-]{section.5.3}{Experiment 2}{chapter.5}% 35
\BOOKMARK [1][-]{section.5.4}{Conclusion}{chapter.5}% 36
\BOOKMARK [0][-]{chapter.6}{Applications}{}% 37
\BOOKMARK [1][-]{section.6.1}{Simulation setup}{chapter.6}% 38
\BOOKMARK [1][-]{section.6.2}{Applications}{chapter.6}% 39
\BOOKMARK [2][-]{subsection.6.2.1}{Static stability}{section.6.2}% 40
\BOOKMARK [2][-]{subsection.6.2.2}{Standing up routines}{section.6.2}% 41
\BOOKMARK [2][-]{subsection.6.2.3}{Walking}{section.6.2}% 42
\BOOKMARK [1][-]{section.6.3}{Influence on robot's design}{chapter.6}% 43
\BOOKMARK [0][-]{chapter.7}{Conclusion}{}% 44
\BOOKMARK [1][-]{section.7.1}{Conclusion}{chapter.7}% 45
\BOOKMARK [1][-]{section.7.2}{Future work}{chapter.7}% 46
\BOOKMARK [2][-]{subsection.7.2.1}{Modelling}{section.7.2}% 47
\BOOKMARK [0][-]{chapter*.18}{Bibliography}{}% 48
\BOOKMARK [0][-]{appendix.A}{Rules}{}% 49
\BOOKMARK [0][-]{appendix.B}{Design guidelines}{}% 50
